# Logfile created on 2014-01-24 22:27:23 +0530 by logger.rb/31641
I, [2014-01-24T22:27:23.703095 #6164]  INFO -- : 0:  rake (10.1.0) from /home/sri/.rvm/gems/ruby-1.9.3-p448@newmj/specifications/rake-10.1.0.gemspec
I, [2014-01-24T22:27:23.703910 #6164]  INFO -- : 0:  i18n (0.6.1) from /home/sri/.rvm/gems/ruby-1.9.3-p448@newmj/specifications/i18n-0.6.1.gemspec
I, [2014-01-24T22:27:29.901592 #6164]  INFO -- : 0:  multi_json (1.7.8) from /home/sri/.rvm/gems/ruby-1.9.3-p448@newmj/specifications/multi_json-1.7.8.gemspec
I, [2014-01-24T22:27:29.903057 #6164]  INFO -- : 0:  activesupport (3.2.13) from /home/sri/.rvm/gems/ruby-1.9.3-p448@newmj/specifications/activesupport-3.2.13.gemspec
I, [2014-01-24T22:27:29.904203 #6164]  INFO -- : 0:  builder (3.0.4) from /home/sri/.rvm/gems/ruby-1.9.3-p448@newmj/specifications/builder-3.0.4.gemspec
I, [2014-01-24T22:27:29.905312 #6164]  INFO -- : 0:  activemodel (3.2.13) from /home/sri/.rvm/gems/ruby-1.9.3-p448@newmj/specifications/activemodel-3.2.13.gemspec
I, [2014-01-24T22:27:29.906462 #6164]  INFO -- : 0:  erubis (2.7.0) from /home/sri/.rvm/gems/ruby-1.9.3-p448@newmj/specifications/erubis-2.7.0.gemspec
I, [2014-01-24T22:27:29.907512 #6164]  INFO -- : 0:  journey (1.0.4) from /home/sri/.rvm/gems/ruby-1.9.3-p448@newmj/specifications/journey-1.0.4.gemspec
I, [2014-01-24T22:27:29.908601 #6164]  INFO -- : 0:  rack (1.4.5) from /home/sri/.rvm/gems/ruby-1.9.3-p448@newmj/specifications/rack-1.4.5.gemspec
I, [2014-01-24T22:27:29.909657 #6164]  INFO -- : 0:  rack-cache (1.2) from /home/sri/.rvm/gems/ruby-1.9.3-p448@newmj/specifications/rack-cache-1.2.gemspec
I, [2014-01-24T22:27:29.910719 #6164]  INFO -- : 0:  rack-test (0.6.2) from /home/sri/.rvm/gems/ruby-1.9.3-p448@newmj/specifications/rack-test-0.6.2.gemspec
I, [2014-01-24T22:27:29.911823 #6164]  INFO -- : 0:  hike (1.2.3) from /home/sri/.rvm/gems/ruby-1.9.3-p448@newmj/specifications/hike-1.2.3.gemspec
I, [2014-01-24T22:27:29.912995 #6164]  INFO -- : 0:  tilt (1.4.1) from /home/sri/.rvm/gems/ruby-1.9.3-p448@newmj/specifications/tilt-1.4.1.gemspec
I, [2014-01-24T22:27:29.913500 #6164]  INFO -- : 0:  sprockets (2.2.2) from /home/sri/.rvm/gems/ruby-1.9.3-p448@newmj/specifications/sprockets-2.2.2.gemspec
I, [2014-01-24T22:27:29.913991 #6164]  INFO -- : 0:  actionpack (3.2.13) from /home/sri/.rvm/gems/ruby-1.9.3-p448@newmj/specifications/actionpack-3.2.13.gemspec
I, [2014-01-24T22:27:40.609721 #6164]  INFO -- : 0:  mime-types (1.23) from /home/sri/.rvm/gems/ruby-1.9.3-p448@newmj/specifications/mime-types-1.23.gemspec
I, [2014-01-24T22:27:40.610453 #6164]  INFO -- : 0:  polyglot (0.3.3) from /home/sri/.rvm/gems/ruby-1.9.3-p448@newmj/specifications/polyglot-0.3.3.gemspec
I, [2014-01-24T22:27:49.695341 #6164]  INFO -- : 0:  treetop (1.4.14) from /home/sri/.rvm/gems/ruby-1.9.3-p448@newmj/specifications/treetop-1.4.14.gemspec
I, [2014-01-24T22:27:49.696183 #6164]  INFO -- : 0:  mail (2.5.4) from /home/sri/.rvm/gems/ruby-1.9.3-p448@newmj/specifications/mail-2.5.4.gemspec
I, [2014-01-24T22:27:49.696731 #6164]  INFO -- : 0:  actionmailer (3.2.13) from /home/sri/.rvm/gems/ruby-1.9.3-p448@newmj/specifications/actionmailer-3.2.13.gemspec
I, [2014-01-24T22:27:49.697240 #6164]  INFO -- : 0:  arbre (1.0.1) from /home/sri/.rvm/gems/ruby-1.9.3-p448@newmj/specifications/arbre-1.0.1.gemspec
I, [2014-01-24T22:28:18.422136 #6164]  INFO -- : 0:  sass (3.2.10) from /home/sri/.rvm/gems/ruby-1.9.3-p448@newmj/specifications/sass-3.2.10.gemspec
I, [2014-01-24T22:28:18.423444 #6164]  INFO -- : 0:  thor (0.18.1) from /home/sri/.rvm/gems/ruby-1.9.3-p448@newmj/specifications/thor-0.18.1.gemspec
I, [2014-01-24T22:28:18.424561 #6164]  INFO -- : 0:  bourbon (3.1.8) from /home/sri/.rvm/gems/ruby-1.9.3-p448@newmj/specifications/bourbon-3.1.8.gemspec
I, [2014-01-24T22:28:53.803531 #6164]  INFO -- : 0:  bcrypt-ruby (3.0.1) from /home/sri/.rvm/gems/ruby-1.9.3-p448@newmj/specifications/bcrypt-ruby-3.0.1.gemspec
I, [2014-01-24T22:29:00.569691 #6164]  INFO -- : 0:  orm_adapter (0.4.0) from /home/sri/.rvm/gems/ruby-1.9.3-p448@newmj/specifications/orm_adapter-0.4.0.gemspec
I, [2014-01-24T22:29:00.570597 #6164]  INFO -- : 0:  rack-ssl (1.3.3) from /home/sri/.rvm/gems/ruby-1.9.3-p448@newmj/specifications/rack-ssl-1.3.3.gemspec
I, [2014-01-24T22:29:18.267532 #6164]  INFO -- : 0:  json (1.8.0) from /home/sri/.rvm/gems/ruby-1.9.3-p448@newmj/specifications/json-1.8.0.gemspec
I, [2014-01-24T22:29:18.269223 #6164]  INFO -- : 0:  rdoc (3.12.2) from /home/sri/.rvm/gems/ruby-1.9.3-p448@newmj/specifications/rdoc-3.12.2.gemspec
I, [2014-01-24T22:29:18.270473 #6164]  INFO -- : 0:  railties (3.2.13) from /home/sri/.rvm/gems/ruby-1.9.3-p448@newmj/specifications/railties-3.2.13.gemspec
I, [2014-01-24T22:29:18.271695 #6164]  INFO -- : 0:  warden (1.2.3) from /home/sri/.rvm/gems/ruby-1.9.3-p448@newmj/specifications/warden-1.2.3.gemspec
I, [2014-01-24T22:29:30.176573 #6164]  INFO -- : 0:  devise (3.0.3) from /home/sri/.rvm/gems/ruby-1.9.3-p448@newmj/specifications/devise-3.0.3.gemspec
I, [2014-01-24T22:29:30.177313 #6164]  INFO -- : 0:  fastercsv (1.5.5) from /home/sri/.rvm/gems/ruby-1.9.3-p448@newmj/specifications/fastercsv-1.5.5.gemspec
I, [2014-01-24T22:29:30.177825 #6164]  INFO -- : 0:  formtastic (2.2.1) from /home/sri/.rvm/gems/ruby-1.9.3-p448@newmj/specifications/formtastic-2.2.1.gemspec
I, [2014-01-24T22:29:30.178324 #6164]  INFO -- : 0:  has_scope (0.6.0.rc) from /home/sri/.rvm/gems/ruby-1.9.3-p448@newmj/specifications/has_scope-0.6.0.rc.gemspec
I, [2014-01-24T22:29:35.008018 #6164]  INFO -- : 0:  responders (1.0.0.rc) from /home/sri/.rvm/gems/ruby-1.9.3-p448@newmj/specifications/responders-1.0.0.rc.gemspec
I, [2014-01-24T22:29:35.009568 #6164]  INFO -- : 0:  inherited_resources (1.4.1) from /home/sri/.rvm/gems/ruby-1.9.3-p448@newmj/specifications/inherited_resources-1.4.1.gemspec
I, [2014-01-24T22:29:35.010650 #6164]  INFO -- : 0:  jquery-rails (2.3.0) from /home/sri/.rvm/gems/ruby-1.9.3-p448@newmj/specifications/jquery-rails-2.3.0.gemspec
I, [2014-01-24T22:29:35.011769 #6164]  INFO -- : 0:  kaminari (0.14.1) from /home/sri/.rvm/gems/ruby-1.9.3-p448@newmj/specifications/kaminari-0.14.1.gemspec
I, [2014-01-24T22:30:27.260520 #6164]  INFO -- : 0:  arel (3.0.2) from /home/sri/.rvm/gems/ruby-1.9.3-p448@newmj/specifications/arel-3.0.2.gemspec
I, [2014-01-24T22:31:08.919475 #6164]  INFO -- : 0:  tzinfo (0.3.37) from /home/sri/.rvm/gems/ruby-1.9.3-p448@newmj/specifications/tzinfo-0.3.37.gemspec
I, [2014-01-24T22:31:08.920241 #6164]  INFO -- : 0:  activerecord (3.2.13) from /home/sri/.rvm/gems/ruby-1.9.3-p448@newmj/specifications/activerecord-3.2.13.gemspec
I, [2014-01-24T22:31:08.920751 #6164]  INFO -- : 0:  polyamorous (0.5.0) from /home/sri/.rvm/gems/ruby-1.9.3-p448@newmj/specifications/polyamorous-0.5.0.gemspec
I, [2014-01-24T22:31:08.921251 #6164]  INFO -- : 0:  meta_search (1.1.3) from /home/sri/.rvm/gems/ruby-1.9.3-p448@newmj/specifications/meta_search-1.1.3.gemspec
I, [2014-01-24T22:31:08.921765 #6164]  INFO -- : 0:  activeresource (3.2.13) from /home/sri/.rvm/gems/ruby-1.9.3-p448@newmj/specifications/activeresource-3.2.13.gemspec
I, [2014-01-24T22:31:08.922246 #6164]  INFO -- : 0:  bundler (1.5.1) from /home/sri/.rvm/gems/ruby-1.9.3-p448@global/specifications/bundler-1.5.1.gemspec
I, [2014-01-24T22:31:08.922756 #6164]  INFO -- : 0:  rails (3.2.13) from /home/sri/.rvm/gems/ruby-1.9.3-p448@newmj/specifications/rails-3.2.13.gemspec
I, [2014-01-24T22:31:08.923246 #6164]  INFO -- : 0:  activeadmin (0.6.0) from /home/sri/.rvm/gems/ruby-1.9.3-p448@newmj/specifications/activeadmin-0.6.0.gemspec
I, [2014-01-24T22:31:08.923758 #6164]  INFO -- : 0:  climate_control (0.0.3) from /home/sri/.rvm/gems/ruby-1.9.3-p448@newmj/specifications/climate_control-0.0.3.gemspec
I, [2014-01-24T22:31:12.210660 #6164]  INFO -- : 0:  cocaine (0.5.1) from /home/sri/.rvm/gems/ruby-1.9.3-p448@newmj/specifications/cocaine-0.5.1.gemspec
I, [2014-01-24T22:31:12.211381 #6164]  INFO -- : 0:  coffee-script-source (1.6.3) from /home/sri/.rvm/gems/ruby-1.9.3-p448@newmj/specifications/coffee-script-source-1.6.3.gemspec
I, [2014-01-24T22:31:26.507030 #6164]  INFO -- : 0:  execjs (1.4.0) from /home/sri/.rvm/gems/ruby-1.9.3-p448@newmj/specifications/execjs-1.4.0.gemspec
I, [2014-01-24T22:31:26.507978 #6164]  INFO -- : 0:  coffee-script (2.2.0) from /home/sri/.rvm/gems/ruby-1.9.3-p448@newmj/specifications/coffee-script-2.2.0.gemspec
I, [2014-01-24T22:31:26.508792 #6164]  INFO -- : 0:  coffee-rails (3.2.2) from /home/sri/.rvm/gems/ruby-1.9.3-p448@newmj/specifications/coffee-rails-3.2.2.gemspec
I, [2014-01-24T22:31:31.292034 #6164]  INFO -- : 0:  commonjs (0.2.6) from /home/sri/.rvm/gems/ruby-1.9.3-p448@newmj/specifications/commonjs-0.2.6.gemspec
I, [2014-01-24T22:31:43.893488 #6164]  INFO -- : 0:  faker (1.2.0) from /home/sri/.rvm/gems/ruby-1.9.3-p448@newmj/specifications/faker-1.2.0.gemspec
I, [2014-01-24T22:31:47.166720 #6164]  INFO -- : 0:  jbuilder (1.5.0) from /home/sri/.rvm/gems/ruby-1.9.3-p448@newmj/specifications/jbuilder-1.5.0.gemspec
I, [2014-01-24T22:32:42.577175 #6164]  INFO -- : 0:  less (2.3.2) from /home/sri/.rvm/gems/ruby-1.9.3-p448@newmj/specifications/less-2.3.2.gemspec
I, [2014-01-24T22:32:51.753643 #6164]  INFO -- : 0:  less-rails (2.3.3) from /home/sri/.rvm/gems/ruby-1.9.3-p448@newmj/specifications/less-rails-2.3.3.gemspec
I, [2014-01-24T22:35:41.407863 #6164]  INFO -- : 0:  libv8 (3.11.8.17) from /home/sri/.rvm/gems/ruby-1.9.3-p448@newmj/specifications/libv8-3.11.8.17-x86_64-linux.gemspec
I, [2014-01-24T22:35:41.578784 #6164]  INFO -- : 0:  make_flaggable (0.1.0) from /home/sri/.rvm/gems/ruby-1.9.3-p448@newmj/bundler/gems/make_flaggable-1b09b3bb8a77/make_flaggable.gemspec
I, [2014-01-24T22:35:44.547737 #6164]  INFO -- : 0:  metaclass (0.0.1) from /home/sri/.rvm/gems/ruby-1.9.3-p448@newmj/specifications/metaclass-0.0.1.gemspec
I, [2014-01-24T22:35:59.277628 #6164]  INFO -- : 0:  mocha (0.10.5) from /home/sri/.rvm/gems/ruby-1.9.3-p448@newmj/specifications/mocha-0.10.5.gemspec
I, [2014-01-24T22:36:08.804410 #6164]  INFO -- : 0:  nifty-generators (0.4.6) from /home/sri/.rvm/gems/ruby-1.9.3-p448@newmj/specifications/nifty-generators-0.4.6.gemspec
I, [2014-01-24T22:36:24.886731 #6164]  INFO -- : 0:  paperclip (3.5.1) from /home/sri/.rvm/gems/ruby-1.9.3-p448@newmj/specifications/paperclip-3.5.1.gemspec
I, [2014-01-24T22:36:32.899264 #6164]  INFO -- : 0:  paperclip-ffmpeg (0.11.0) from /home/sri/.rvm/gems/ruby-1.9.3-p448@newmj/specifications/paperclip-ffmpeg-0.11.0.gemspec
I, [2014-01-24T22:36:46.169448 #6164]  INFO -- : 0:  pg (0.17.0) from /home/sri/.rvm/gems/ruby-1.9.3-p448@newmj/specifications/pg-0.17.0.gemspec
I, [2014-01-24T22:36:56.392974 #6164]  INFO -- : 0:  populator (1.0.0) from /home/sri/.rvm/gems/ruby-1.9.3-p448@newmj/specifications/populator-1.0.0.gemspec
I, [2014-01-24T22:37:05.016885 #6164]  INFO -- : 0:  rails_serve_static_assets (0.0.1) from /home/sri/.rvm/gems/ruby-1.9.3-p448@newmj/specifications/rails_serve_static_assets-0.0.1.gemspec
I, [2014-01-24T22:37:20.416940 #6164]  INFO -- : 0:  rails_stdout_logging (0.0.3) from /home/sri/.rvm/gems/ruby-1.9.3-p448@newmj/specifications/rails_stdout_logging-0.0.3.gemspec
I, [2014-01-24T22:37:29.736171 #6164]  INFO -- : 0:  rails_12factor (0.0.2) from /home/sri/.rvm/gems/ruby-1.9.3-p448@newmj/specifications/rails_12factor-0.0.2.gemspec
I, [2014-01-24T22:37:29.736960 #6164]  INFO -- : 0:  ref (1.0.5) from /home/sri/.rvm/gems/ruby-1.9.3-p448@newmj/specifications/ref-1.0.5.gemspec
I, [2014-01-24T22:37:29.737440 #6164]  INFO -- : 0:  sass-rails (3.2.6) from /home/sri/.rvm/gems/ruby-1.9.3-p448@newmj/specifications/sass-rails-3.2.6.gemspec
I, [2014-01-24T22:38:00.453829 #6164]  INFO -- : 0:  therubyracer (0.11.4) from /home/sri/.rvm/gems/ruby-1.9.3-p448@newmj/specifications/therubyracer-0.11.4.gemspec
I, [2014-01-24T22:38:06.437446 #6164]  INFO -- : 0:  turbolinks (1.3.0) from /home/sri/.rvm/gems/ruby-1.9.3-p448@newmj/specifications/turbolinks-1.3.0.gemspec
I, [2014-01-24T22:38:25.921229 #6164]  INFO -- : 0:  uglifier (2.1.2) from /home/sri/.rvm/gems/ruby-1.9.3-p448@newmj/specifications/uglifier-2.1.2.gemspec
I, [2014-01-24T22:39:06.147344 #6164]  INFO -- : 0:  yard (0.8.7.2) from /home/sri/.rvm/gems/ruby-1.9.3-p448@newmj/specifications/yard-0.8.7.2.gemspec
I, [2014-01-24T22:40:53.507648 #6999]  INFO -- : 0:  rake (10.1.0) from /home/sri/.rvm/gems/ruby-1.9.3-p448@newmj/specifications/rake-10.1.0.gemspec
I, [2014-01-24T22:40:53.508415 #6999]  INFO -- : 0:  i18n (0.6.1) from /home/sri/.rvm/gems/ruby-1.9.3-p448@newmj/specifications/i18n-0.6.1.gemspec
I, [2014-01-24T22:40:53.508957 #6999]  INFO -- : 0:  multi_json (1.7.8) from /home/sri/.rvm/gems/ruby-1.9.3-p448@newmj/specifications/multi_json-1.7.8.gemspec
I, [2014-01-24T22:40:53.509460 #6999]  INFO -- : 0:  activesupport (3.2.13) from /home/sri/.rvm/gems/ruby-1.9.3-p448@newmj/specifications/activesupport-3.2.13.gemspec
I, [2014-01-24T22:40:53.509957 #6999]  INFO -- : 0:  builder (3.0.4) from /home/sri/.rvm/gems/ruby-1.9.3-p448@newmj/specifications/builder-3.0.4.gemspec
I, [2014-01-24T22:40:53.510418 #6999]  INFO -- : 0:  activemodel (3.2.13) from /home/sri/.rvm/gems/ruby-1.9.3-p448@newmj/specifications/activemodel-3.2.13.gemspec
I, [2014-01-24T22:40:53.510956 #6999]  INFO -- : 0:  erubis (2.7.0) from /home/sri/.rvm/gems/ruby-1.9.3-p448@newmj/specifications/erubis-2.7.0.gemspec
I, [2014-01-24T22:40:53.511421 #6999]  INFO -- : 0:  journey (1.0.4) from /home/sri/.rvm/gems/ruby-1.9.3-p448@newmj/specifications/journey-1.0.4.gemspec
I, [2014-01-24T22:40:53.511917 #6999]  INFO -- : 0:  rack (1.4.5) from /home/sri/.rvm/gems/ruby-1.9.3-p448@newmj/specifications/rack-1.4.5.gemspec
I, [2014-01-24T22:40:53.512390 #6999]  INFO -- : 0:  rack-cache (1.2) from /home/sri/.rvm/gems/ruby-1.9.3-p448@newmj/specifications/rack-cache-1.2.gemspec
I, [2014-01-24T22:40:53.512882 #6999]  INFO -- : 0:  rack-test (0.6.2) from /home/sri/.rvm/gems/ruby-1.9.3-p448@newmj/specifications/rack-test-0.6.2.gemspec
I, [2014-01-24T22:40:53.513353 #6999]  INFO -- : 0:  hike (1.2.3) from /home/sri/.rvm/gems/ruby-1.9.3-p448@newmj/specifications/hike-1.2.3.gemspec
I, [2014-01-24T22:40:53.513827 #6999]  INFO -- : 0:  tilt (1.4.1) from /home/sri/.rvm/gems/ruby-1.9.3-p448@newmj/specifications/tilt-1.4.1.gemspec
I, [2014-01-24T22:40:53.514304 #6999]  INFO -- : 0:  sprockets (2.2.2) from /home/sri/.rvm/gems/ruby-1.9.3-p448@newmj/specifications/sprockets-2.2.2.gemspec
I, [2014-01-24T22:40:53.514799 #6999]  INFO -- : 0:  actionpack (3.2.13) from /home/sri/.rvm/gems/ruby-1.9.3-p448@newmj/specifications/actionpack-3.2.13.gemspec
I, [2014-01-24T22:40:53.515344 #6999]  INFO -- : 0:  mime-types (1.23) from /home/sri/.rvm/gems/ruby-1.9.3-p448@newmj/specifications/mime-types-1.23.gemspec
I, [2014-01-24T22:40:53.515832 #6999]  INFO -- : 0:  polyglot (0.3.3) from /home/sri/.rvm/gems/ruby-1.9.3-p448@newmj/specifications/polyglot-0.3.3.gemspec
I, [2014-01-24T22:40:53.516329 #6999]  INFO -- : 0:  treetop (1.4.14) from /home/sri/.rvm/gems/ruby-1.9.3-p448@newmj/specifications/treetop-1.4.14.gemspec
I, [2014-01-24T22:40:53.516859 #6999]  INFO -- : 0:  mail (2.5.4) from /home/sri/.rvm/gems/ruby-1.9.3-p448@newmj/specifications/mail-2.5.4.gemspec
I, [2014-01-24T22:40:53.517342 #6999]  INFO -- : 0:  actionmailer (3.2.13) from /home/sri/.rvm/gems/ruby-1.9.3-p448@newmj/specifications/actionmailer-3.2.13.gemspec
I, [2014-01-24T22:40:53.517814 #6999]  INFO -- : 0:  arbre (1.0.1) from /home/sri/.rvm/gems/ruby-1.9.3-p448@newmj/specifications/arbre-1.0.1.gemspec
I, [2014-01-24T22:40:53.518289 #6999]  INFO -- : 0:  sass (3.2.10) from /home/sri/.rvm/gems/ruby-1.9.3-p448@newmj/specifications/sass-3.2.10.gemspec
I, [2014-01-24T22:40:53.528119 #6999]  INFO -- : 0:  thor (0.18.1) from /home/sri/.rvm/gems/ruby-1.9.3-p448@newmj/specifications/thor-0.18.1.gemspec
I, [2014-01-24T22:40:53.528782 #6999]  INFO -- : 0:  bourbon (3.1.8) from /home/sri/.rvm/gems/ruby-1.9.3-p448@newmj/specifications/bourbon-3.1.8.gemspec
I, [2014-01-24T22:40:53.529278 #6999]  INFO -- : 0:  bcrypt-ruby (3.0.1) from /home/sri/.rvm/gems/ruby-1.9.3-p448@newmj/specifications/bcrypt-ruby-3.0.1.gemspec
I, [2014-01-24T22:40:53.529822 #6999]  INFO -- : 0:  orm_adapter (0.4.0) from /home/sri/.rvm/gems/ruby-1.9.3-p448@newmj/specifications/orm_adapter-0.4.0.gemspec
I, [2014-01-24T22:40:53.530323 #6999]  INFO -- : 0:  rack-ssl (1.3.3) from /home/sri/.rvm/gems/ruby-1.9.3-p448@newmj/specifications/rack-ssl-1.3.3.gemspec
I, [2014-01-24T22:40:53.530824 #6999]  INFO -- : 0:  json (1.8.0) from /home/sri/.rvm/gems/ruby-1.9.3-p448@newmj/specifications/json-1.8.0.gemspec
I, [2014-01-24T22:40:53.531392 #6999]  INFO -- : 0:  rdoc (3.12.2) from /home/sri/.rvm/gems/ruby-1.9.3-p448@newmj/specifications/rdoc-3.12.2.gemspec
I, [2014-01-24T22:40:53.531954 #6999]  INFO -- : 0:  railties (3.2.13) from /home/sri/.rvm/gems/ruby-1.9.3-p448@newmj/specifications/railties-3.2.13.gemspec
I, [2014-01-24T22:40:53.532502 #6999]  INFO -- : 0:  warden (1.2.3) from /home/sri/.rvm/gems/ruby-1.9.3-p448@newmj/specifications/warden-1.2.3.gemspec
I, [2014-01-24T22:40:53.532992 #6999]  INFO -- : 0:  devise (3.0.3) from /home/sri/.rvm/gems/ruby-1.9.3-p448@newmj/specifications/devise-3.0.3.gemspec
I, [2014-01-24T22:40:53.533486 #6999]  INFO -- : 0:  fastercsv (1.5.5) from /home/sri/.rvm/gems/ruby-1.9.3-p448@newmj/specifications/fastercsv-1.5.5.gemspec
I, [2014-01-24T22:40:53.533975 #6999]  INFO -- : 0:  formtastic (2.2.1) from /home/sri/.rvm/gems/ruby-1.9.3-p448@newmj/specifications/formtastic-2.2.1.gemspec
I, [2014-01-24T22:40:53.534466 #6999]  INFO -- : 0:  has_scope (0.6.0.rc) from /home/sri/.rvm/gems/ruby-1.9.3-p448@newmj/specifications/has_scope-0.6.0.rc.gemspec
I, [2014-01-24T22:40:53.534970 #6999]  INFO -- : 0:  responders (1.0.0.rc) from /home/sri/.rvm/gems/ruby-1.9.3-p448@newmj/specifications/responders-1.0.0.rc.gemspec
I, [2014-01-24T22:40:53.535478 #6999]  INFO -- : 0:  inherited_resources (1.4.1) from /home/sri/.rvm/gems/ruby-1.9.3-p448@newmj/specifications/inherited_resources-1.4.1.gemspec
I, [2014-01-24T22:40:53.535974 #6999]  INFO -- : 0:  jquery-rails (2.3.0) from /home/sri/.rvm/gems/ruby-1.9.3-p448@newmj/specifications/jquery-rails-2.3.0.gemspec
I, [2014-01-24T22:40:53.536472 #6999]  INFO -- : 0:  kaminari (0.14.1) from /home/sri/.rvm/gems/ruby-1.9.3-p448@newmj/specifications/kaminari-0.14.1.gemspec
I, [2014-01-24T22:40:53.536972 #6999]  INFO -- : 0:  arel (3.0.2) from /home/sri/.rvm/gems/ruby-1.9.3-p448@newmj/specifications/arel-3.0.2.gemspec
I, [2014-01-24T22:40:53.537491 #6999]  INFO -- : 0:  tzinfo (0.3.37) from /home/sri/.rvm/gems/ruby-1.9.3-p448@newmj/specifications/tzinfo-0.3.37.gemspec
I, [2014-01-24T22:40:53.538004 #6999]  INFO -- : 0:  activerecord (3.2.13) from /home/sri/.rvm/gems/ruby-1.9.3-p448@newmj/specifications/activerecord-3.2.13.gemspec
I, [2014-01-24T22:40:53.538504 #6999]  INFO -- : 0:  polyamorous (0.5.0) from /home/sri/.rvm/gems/ruby-1.9.3-p448@newmj/specifications/polyamorous-0.5.0.gemspec
I, [2014-01-24T22:40:53.539005 #6999]  INFO -- : 0:  meta_search (1.1.3) from /home/sri/.rvm/gems/ruby-1.9.3-p448@newmj/specifications/meta_search-1.1.3.gemspec
I, [2014-01-24T22:40:53.539514 #6999]  INFO -- : 0:  activeresource (3.2.13) from /home/sri/.rvm/gems/ruby-1.9.3-p448@newmj/specifications/activeresource-3.2.13.gemspec
I, [2014-01-24T22:40:53.540030 #6999]  INFO -- : 0:  bundler (1.5.1) from /home/sri/.rvm/gems/ruby-1.9.3-p448@global/specifications/bundler-1.5.1.gemspec
I, [2014-01-24T22:40:53.540569 #6999]  INFO -- : 0:  rails (3.2.13) from /home/sri/.rvm/gems/ruby-1.9.3-p448@newmj/specifications/rails-3.2.13.gemspec
I, [2014-01-24T22:40:53.541064 #6999]  INFO -- : 0:  activeadmin (0.6.0) from /home/sri/.rvm/gems/ruby-1.9.3-p448@newmj/specifications/activeadmin-0.6.0.gemspec
I, [2014-01-24T22:40:53.541561 #6999]  INFO -- : 0:  climate_control (0.0.3) from /home/sri/.rvm/gems/ruby-1.9.3-p448@newmj/specifications/climate_control-0.0.3.gemspec
I, [2014-01-24T22:40:53.542051 #6999]  INFO -- : 0:  cocaine (0.5.1) from /home/sri/.rvm/gems/ruby-1.9.3-p448@newmj/specifications/cocaine-0.5.1.gemspec
I, [2014-01-24T22:40:53.542566 #6999]  INFO -- : 0:  coffee-script-source (1.6.3) from /home/sri/.rvm/gems/ruby-1.9.3-p448@newmj/specifications/coffee-script-source-1.6.3.gemspec
I, [2014-01-24T22:40:53.543092 #6999]  INFO -- : 0:  execjs (1.4.0) from /home/sri/.rvm/gems/ruby-1.9.3-p448@newmj/specifications/execjs-1.4.0.gemspec
I, [2014-01-24T22:40:53.543613 #6999]  INFO -- : 0:  coffee-script (2.2.0) from /home/sri/.rvm/gems/ruby-1.9.3-p448@newmj/specifications/coffee-script-2.2.0.gemspec
I, [2014-01-24T22:40:53.544128 #6999]  INFO -- : 0:  coffee-rails (3.2.2) from /home/sri/.rvm/gems/ruby-1.9.3-p448@newmj/specifications/coffee-rails-3.2.2.gemspec
I, [2014-01-24T22:40:53.544695 #6999]  INFO -- : 0:  commonjs (0.2.6) from /home/sri/.rvm/gems/ruby-1.9.3-p448@newmj/specifications/commonjs-0.2.6.gemspec
I, [2014-01-24T22:40:53.545191 #6999]  INFO -- : 0:  faker (1.2.0) from /home/sri/.rvm/gems/ruby-1.9.3-p448@newmj/specifications/faker-1.2.0.gemspec
I, [2014-01-24T22:40:53.545699 #6999]  INFO -- : 0:  jbuilder (1.5.0) from /home/sri/.rvm/gems/ruby-1.9.3-p448@newmj/specifications/jbuilder-1.5.0.gemspec
I, [2014-01-24T22:40:53.546271 #6999]  INFO -- : 0:  less (2.3.2) from /home/sri/.rvm/gems/ruby-1.9.3-p448@newmj/specifications/less-2.3.2.gemspec
I, [2014-01-24T22:40:53.546790 #6999]  INFO -- : 0:  less-rails (2.3.3) from /home/sri/.rvm/gems/ruby-1.9.3-p448@newmj/specifications/less-rails-2.3.3.gemspec
I, [2014-01-24T22:40:53.547332 #6999]  INFO -- : 0:  libv8 (3.11.8.17) from /home/sri/.rvm/gems/ruby-1.9.3-p448@newmj/specifications/libv8-3.11.8.17-x86_64-linux.gemspec
I, [2014-01-24T22:40:53.616544 #6999]  INFO -- : 0:  make_flaggable (0.1.0) from /home/sri/.rvm/gems/ruby-1.9.3-p448@newmj/bundler/gems/make_flaggable-1b09b3bb8a77/make_flaggable.gemspec
I, [2014-01-24T22:40:53.617228 #6999]  INFO -- : 0:  metaclass (0.0.1) from /home/sri/.rvm/gems/ruby-1.9.3-p448@newmj/specifications/metaclass-0.0.1.gemspec
I, [2014-01-24T22:40:53.617734 #6999]  INFO -- : 0:  mocha (0.10.5) from /home/sri/.rvm/gems/ruby-1.9.3-p448@newmj/specifications/mocha-0.10.5.gemspec
I, [2014-01-24T22:40:53.618245 #6999]  INFO -- : 0:  nifty-generators (0.4.6) from /home/sri/.rvm/gems/ruby-1.9.3-p448@newmj/specifications/nifty-generators-0.4.6.gemspec
I, [2014-01-24T22:40:53.618761 #6999]  INFO -- : 0:  paperclip (3.5.1) from /home/sri/.rvm/gems/ruby-1.9.3-p448@newmj/specifications/paperclip-3.5.1.gemspec
I, [2014-01-24T22:40:53.619267 #6999]  INFO -- : 0:  paperclip-ffmpeg (0.11.0) from /home/sri/.rvm/gems/ruby-1.9.3-p448@newmj/specifications/paperclip-ffmpeg-0.11.0.gemspec
I, [2014-01-24T22:40:53.619787 #6999]  INFO -- : 0:  pg (0.17.0) from /home/sri/.rvm/gems/ruby-1.9.3-p448@newmj/specifications/pg-0.17.0.gemspec
I, [2014-01-24T22:40:53.620312 #6999]  INFO -- : 0:  populator (1.0.0) from /home/sri/.rvm/gems/ruby-1.9.3-p448@newmj/specifications/populator-1.0.0.gemspec
I, [2014-01-24T22:40:53.620852 #6999]  INFO -- : 0:  rails_serve_static_assets (0.0.1) from /home/sri/.rvm/gems/ruby-1.9.3-p448@newmj/specifications/rails_serve_static_assets-0.0.1.gemspec
I, [2014-01-24T22:40:53.621381 #6999]  INFO -- : 0:  rails_stdout_logging (0.0.3) from /home/sri/.rvm/gems/ruby-1.9.3-p448@newmj/specifications/rails_stdout_logging-0.0.3.gemspec
I, [2014-01-24T22:40:53.621872 #6999]  INFO -- : 0:  rails_12factor (0.0.2) from /home/sri/.rvm/gems/ruby-1.9.3-p448@newmj/specifications/rails_12factor-0.0.2.gemspec
I, [2014-01-24T22:40:53.622484 #6999]  INFO -- : 0:  ref (1.0.5) from /home/sri/.rvm/gems/ruby-1.9.3-p448@newmj/specifications/ref-1.0.5.gemspec
I, [2014-01-24T22:40:53.623001 #6999]  INFO -- : 0:  sass-rails (3.2.6) from /home/sri/.rvm/gems/ruby-1.9.3-p448@newmj/specifications/sass-rails-3.2.6.gemspec
I, [2014-01-24T22:40:53.623505 #6999]  INFO -- : 0:  therubyracer (0.11.4) from /home/sri/.rvm/gems/ruby-1.9.3-p448@newmj/specifications/therubyracer-0.11.4.gemspec
I, [2014-01-24T22:40:53.623996 #6999]  INFO -- : 0:  turbolinks (1.3.0) from /home/sri/.rvm/gems/ruby-1.9.3-p448@newmj/specifications/turbolinks-1.3.0.gemspec
I, [2014-01-24T22:40:53.624517 #6999]  INFO -- : 0:  uglifier (2.1.2) from /home/sri/.rvm/gems/ruby-1.9.3-p448@newmj/specifications/uglifier-2.1.2.gemspec
I, [2014-01-24T22:40:53.625015 #6999]  INFO -- : 0:  yard (0.8.7.2) from /home/sri/.rvm/gems/ruby-1.9.3-p448@newmj/specifications/yard-0.8.7.2.gemspec
